<?xml version="1.0"?><coverage lines-covered="183" lines-valid="233" line-rate="0.7854077253218884" branches-covered="0" branches-valid="0" branch-rate="0" complexity="0" version="1.9" timestamp="1763715943"><sources><source>/home/ubat/Desktop/Projects/Personal/rust_project/mtls_at_lib</source></sources><packages><package name="tests" line-rate="0" branch-rate="0" complexity="0"><classes></classes></package><package name="src/csr" line-rate="0.9056603773584906" branch-rate="0" complexity="0"><classes><class name="builder" filename="src/csr/builder.rs" line-rate="0.9148936170212766" branch-rate="0" complexity="0"><methods/><lines><line number="76" hits="35"/><line number="80" hits="35"/><line number="83" hits="36"/><line number="107" hits="35"/><line number="108" hits="70"/><line number="109" hits="21"/><line number="137" hits="3"/><line number="138" hits="6"/><line number="139" hits="6"/><line number="140" hits="4"/><line number="141" hits="2"/><line number="163" hits="8"/><line number="164" hits="8"/><line number="165" hits="11"/><line number="187" hits="4"/><line number="188" hits="9"/><line number="189" hits="7"/><line number="212" hits="2"/><line number="213" hits="2"/><line number="214" hits="2"/><line number="225" hits="0"/><line number="226" hits="0"/><line number="227" hits="0"/><line number="249" hits="4"/><line number="250" hits="8"/><line number="251" hits="4"/><line number="281" hits="18"/><line number="283" hits="31"/><line number="284" hits="2"/><line number="288" hits="42"/><line number="289" hits="2"/><line number="291" hits="30"/><line number="292" hits="24"/><line number="296" hits="28"/><line number="299" hits="38"/><line number="302" hits="39"/><line number="303" hits="24"/><line number="307" hits="24"/><line number="308" hits="10"/><line number="316" hits="20"/><line number="317" hits="16"/><line number="318" hits="12"/><line number="319" hits="4"/><line number="323" hits="16"/><line number="324" hits="8"/><line number="326" hits="46"/><line number="330" hits="29"/><line number="331" hits="24"/><line number="335" hits="55"/><line number="336" hits="36"/><line number="337" hits="74"/><line number="338" hits="37"/><line number="339" hits="23"/><line number="340" hits="37"/><line number="343" hits="113"/><line number="344" hits="112"/><line number="345" hits="56"/><line number="346" hits="112"/><line number="347" hits="0"/><line number="348" hits="0"/><line number="354" hits="19"/><line number="358" hits="4"/><line number="359" hits="8"/><line number="361" hits="12"/><line number="362" hits="7"/><line number="364" hits="13"/><line number="365" hits="1"/><line number="367" hits="19"/><line number="368" hits="6"/><line number="370" hits="16"/><line number="371" hits="1"/><line number="373" hits="14"/><line number="374" hits="2"/><line number="376" hits="17"/><line number="377" hits="4"/><line number="379" hits="16"/><line number="380" hits="5"/><line number="382" hits="11"/><line number="383" hits="1"/><line number="385" hits="17"/><line number="386" hits="1"/><line number="389" hits="10"/><line number="393" hits="5"/><line number="394" hits="10"/><line number="396" hits="10"/><line number="397" hits="5"/><line number="398" hits="2"/><line number="399" hits="2"/><line number="400" hits="2"/><line number="401" hits="2"/><line number="402" hits="0"/><line number="404" hits="10"/><line number="409" hits="0"/><line number="410" hits="0"/></lines></class><class name="mod" filename="src/csr/mod.rs" line-rate="0.8333333333333334" branch-rate="0" complexity="0"><methods/><lines><line number="33" hits="23"/><line number="54" hits="20"/><line number="55" hits="20"/><line number="75" hits="3"/><line number="78" hits="3"/><line number="79" hits="18"/><line number="87" hits="0"/><line number="88" hits="0"/><line number="97" hits="2"/><line number="98" hits="2"/><line number="107" hits="7"/><line number="108" hits="3"/></lines></class></classes></package><package name="src" line-rate="0.7854077253218884" branch-rate="0" complexity="0"><classes><class name="types" filename="src/types.rs" line-rate="0.24489795918367346" branch-rate="0" complexity="0"><methods/><lines><line number="109" hits="8"/><line number="110" hits="12"/><line number="114" hits="0"/><line number="119" hits="0"/><line number="128" hits="8"/><line number="129" hits="8"/><line number="205" hits="0"/><line number="206" hits="0"/><line number="210" hits="0"/><line number="211" hits="0"/><line number="216" hits="0"/><line number="217" hits="0"/><line number="260" hits="35"/><line number="262" hits="35"/><line number="263" hits="1"/><line number="264" hits="1"/><line number="268" hits="34"/><line number="269" hits="34"/><line number="274" hits="0"/><line number="276" hits="0"/><line number="278" hits="0"/><line number="279" hits="0"/><line number="280" hits="0"/><line number="284" hits="33"/><line number="285" hits="34"/><line number="290" hits="0"/><line number="291" hits="0"/><line number="331" hits="0"/><line number="335" hits="0"/><line number="336" hits="0"/><line number="337" hits="0"/><line number="338" hits="0"/><line number="343" hits="0"/><line number="346" hits="0"/><line number="347" hits="0"/><line number="348" hits="0"/><line number="349" hits="0"/><line number="352" hits="0"/><line number="355" hits="0"/><line number="357" hits="0"/><line number="370" hits="0"/><line number="372" hits="0"/><line number="377" hits="0"/><line number="378" hits="0"/><line number="382" hits="0"/><line number="383" hits="0"/><line number="385" hits="0"/><line number="391" hits="0"/><line number="392" hits="0"/></lines></class></classes></package><package name="src/cert" line-rate="0.9615384615384616" branch-rate="0" complexity="0"><classes><class name="builder" filename="src/cert/builder.rs" line-rate="1" branch-rate="0" complexity="0"><methods/><lines><line number="45" hits="7"/><line number="57" hits="4"/><line number="58" hits="4"/><line number="59" hits="12"/><line number="60" hits="5"/><line number="62" hits="30"/><line number="63" hits="2"/><line number="71" hits="2"/><line number="73" hits="5"/><line number="74" hits="5"/><line number="76" hits="2"/><line number="84" hits="2"/><line number="85" hits="2"/><line number="93" hits="3"/><line number="94" hits="11"/><line number="95" hits="8"/><line number="109" hits="2"/><line number="110" hits="6"/><line number="111" hits="14"/><line number="119" hits="6"/><line number="120" hits="17"/><line number="121" hits="11"/><line number="122" hits="9"/><line number="123" hits="2"/><line number="124" hits="2"/><line number="129" hits="24"/><line number="130" hits="11"/><line number="134" hits="7"/><line number="152" hits="2"/><line number="153" hits="2"/><line number="154" hits="4"/><line number="161" hits="2"/><line number="162" hits="5"/><line number="163" hits="3"/><line number="164" hits="7"/><line number="165" hits="2"/><line number="166" hits="2"/><line number="171" hits="8"/><line number="172" hits="3"/><line number="176" hits="2"/><line number="179" hits="12"/><line number="180" hits="8"/><line number="181" hits="8"/><line number="182" hits="13"/><line number="186" hits="3"/><line number="187" hits="19"/><line number="188" hits="9"/><line number="190" hits="14"/><line number="191" hits="13"/><line number="193" hits="7"/><line number="197" hits="2"/><line number="198" hits="6"/><line number="199" hits="4"/><line number="203" hits="3"/><line number="206" hits="3"/><line number="208" hits="6"/><line number="209" hits="6"/><line number="210" hits="4"/><line number="211" hits="3"/><line number="212" hits="4"/><line number="215" hits="11"/><line number="216" hits="13"/><line number="217" hits="8"/><line number="218" hits="10"/><line number="219" hits="3"/><line number="220" hits="1"/><line number="226" hits="2"/></lines></class><class name="mod" filename="src/cert/mod.rs" line-rate="0.7272727272727273" branch-rate="0" complexity="0"><methods/><lines><line number="26" hits="7"/><line number="53" hits="2"/><line number="54" hits="2"/><line number="80" hits="3"/><line number="83" hits="2"/><line number="84" hits="3"/><line number="88" hits="0"/><line number="89" hits="0"/><line number="90" hits="0"/><line number="95" hits="3"/><line number="96" hits="2"/></lines></class></classes></package></packages></coverage>