<?xml version="1.0"?><coverage lines-covered="353" lines-valid="353" line-rate="1" branches-covered="0" branches-valid="0" branch-rate="0" complexity="0" version="1.9" timestamp="1763757497"><sources><source>/home/ubat/Desktop/Projects/Personal/rust_project/mtls_at_lib</source></sources><packages><package name="src/crl" line-rate="1" branch-rate="0" complexity="0"><classes><class name="builder" filename="src/crl/builder.rs" line-rate="1" branch-rate="0" complexity="0"><methods/><lines><line number="39" hits="4"/><line number="42" hits="3"/><line number="48" hits="2"/><line number="49" hits="2"/><line number="50" hits="2"/><line number="54" hits="4"/><line number="55" hits="4"/><line number="56" hits="2"/><line number="116" hits="3"/><line number="119" hits="3"/><line number="134" hits="2"/><line number="135" hits="6"/><line number="136" hits="8"/><line number="137" hits="13"/><line number="138" hits="10"/><line number="150" hits="1"/><line number="152" hits="2"/><line number="153" hits="3"/><line number="154" hits="4"/><line number="155" hits="3"/><line number="156" hits="2"/><line number="164" hits="8"/><line number="165" hits="3"/><line number="166" hits="8"/><line number="174" hits="3"/><line number="175" hits="3"/><line number="176" hits="3"/><line number="184" hits="1"/><line number="185" hits="1"/><line number="186" hits="1"/><line number="194" hits="2"/><line number="195" hits="2"/><line number="196" hits="2"/><line number="204" hits="2"/><line number="206" hits="10"/><line number="207" hits="2"/><line number="211" hits="4"/><line number="212" hits="2"/><line number="218" hits="4"/><line number="220" hits="20"/><line number="232" hits="2"/><line number="233" hits="6"/><line number="236" hits="13"/><line number="237" hits="6"/><line number="240" hits="11"/><line number="244" hits="3"/><line number="245" hits="8"/><line number="246" hits="2"/><line number="247" hits="3"/><line number="248" hits="2"/><line number="249" hits="2"/><line number="250" hits="3"/><line number="251" hits="3"/><line number="252" hits="2"/><line number="253" hits="2"/><line number="254" hits="2"/><line number="255" hits="2"/><line number="261" hits="2"/><line number="262" hits="2"/></lines></class><class name="mod" filename="src/crl/mod.rs" line-rate="1" branch-rate="0" complexity="0"><methods/><lines><line number="17" hits="5"/><line number="54" hits="10"/><line number="55" hits="5"/><line number="89" hits="2"/><line number="92" hits="3"/><line number="93" hits="2"/></lines></class></classes></package><package name="src" line-rate="1" branch-rate="0" complexity="0"><classes><class name="types" filename="src/types.rs" line-rate="1" branch-rate="0" complexity="0"><methods/><lines><line number="109" hits="23"/><line number="110" hits="36"/><line number="114" hits="1"/><line number="119" hits="1"/><line number="128" hits="25"/><line number="129" hits="26"/><line number="205" hits="1"/><line number="206" hits="1"/><line number="210" hits="1"/><line number="211" hits="1"/><line number="216" hits="1"/><line number="217" hits="1"/><line number="260" hits="62"/><line number="262" hits="62"/><line number="263" hits="1"/><line number="264" hits="1"/><line number="268" hits="61"/><line number="269" hits="61"/><line number="274" hits="3"/><line number="276" hits="3"/><line number="278" hits="9"/><line number="279" hits="7"/><line number="280" hits="4"/><line number="284" hits="45"/><line number="285" hits="60"/><line number="290" hits="1"/><line number="291" hits="1"/><line number="373" hits="2"/><line number="374" hits="2"/><line number="378" hits="1"/><line number="379" hits="2"/><line number="380" hits="2"/><line number="381" hits="2"/><line number="382" hits="2"/><line number="383" hits="2"/><line number="384" hits="2"/><line number="385" hits="2"/><line number="386" hits="2"/><line number="387" hits="2"/><line number="388" hits="2"/><line number="389" hits="2"/><line number="390" hits="1"/><line number="396" hits="1"/><line number="397" hits="1"/><line number="398" hits="1"/><line number="399" hits="1"/><line number="400" hits="1"/><line number="401" hits="1"/><line number="402" hits="1"/><line number="403" hits="1"/><line number="404" hits="1"/><line number="405" hits="1"/><line number="406" hits="1"/><line number="407" hits="1"/><line number="409" hits="1"/></lines></class></classes></package><package name="src/cert" line-rate="1" branch-rate="0" complexity="0"><classes><class name="builder" filename="src/cert/builder.rs" line-rate="1" branch-rate="0" complexity="0"><methods/><lines><line number="51" hits="16"/><line number="57" hits="9"/><line number="66" hits="15"/><line number="67" hits="15"/><line number="68" hits="36"/><line number="69" hits="18"/><line number="71" hits="67"/><line number="72" hits="24"/><line number="80" hits="2"/><line number="82" hits="5"/><line number="83" hits="5"/><line number="85" hits="2"/><line number="93" hits="4"/><line number="94" hits="3"/><line number="102" hits="7"/><line number="103" hits="32"/><line number="104" hits="12"/><line number="133" hits="2"/><line number="134" hits="2"/><line number="135" hits="2"/><line number="164" hits="2"/><line number="165" hits="2"/><line number="166" hits="2"/><line number="197" hits="6"/><line number="198" hits="12"/><line number="199" hits="6"/><line number="200" hits="6"/><line number="201" hits="6"/><line number="232" hits="2"/><line number="233" hits="4"/><line number="234" hits="2"/><line number="264" hits="2"/><line number="265" hits="4"/><line number="266" hits="2"/><line number="280" hits="12"/><line number="282" hits="11"/><line number="283" hits="12"/><line number="284" hits="11"/><line number="286" hits="24"/><line number="287" hits="50"/><line number="290" hits="27"/><line number="291" hits="10"/><line number="293" hits="23"/><line number="294" hits="11"/><line number="298" hits="40"/><line number="300" hits="11"/><line number="301" hits="8"/><line number="302" hits="2"/><line number="311" hits="19"/><line number="312" hits="29"/><line number="313" hits="11"/><line number="314" hits="30"/><line number="315" hits="2"/><line number="316" hits="2"/><line number="321" hits="56"/><line number="322" hits="14"/><line number="326" hits="23"/><line number="344" hits="2"/><line number="346" hits="2"/><line number="347" hits="2"/><line number="348" hits="2"/><line number="350" hits="5"/><line number="351" hits="4"/><line number="354" hits="4"/><line number="355" hits="4"/><line number="357" hits="6"/><line number="358" hits="4"/><line number="362" hits="6"/><line number="364" hits="8"/><line number="365" hits="6"/><line number="366" hits="2"/><line number="374" hits="2"/><line number="375" hits="4"/><line number="376" hits="7"/><line number="377" hits="8"/><line number="378" hits="2"/><line number="379" hits="2"/><line number="384" hits="9"/><line number="385" hits="2"/><line number="389" hits="4"/><line number="392" hits="13"/><line number="393" hits="19"/><line number="394" hits="13"/><line number="395" hits="19"/><line number="399" hits="12"/><line number="400" hits="32"/><line number="401" hits="18"/><line number="403" hits="46"/><line number="404" hits="33"/><line number="406" hits="30"/><line number="410" hits="32"/><line number="411" hits="21"/><line number="412" hits="37"/><line number="416" hits="7"/><line number="419" hits="12"/><line number="420" hits="6"/><line number="422" hits="4"/><line number="423" hits="4"/><line number="427" hits="2"/><line number="430" hits="2"/><line number="432" hits="7"/><line number="433" hits="12"/><line number="434" hits="5"/><line number="435" hits="6"/><line number="436" hits="5"/><line number="439" hits="13"/><line number="440" hits="15"/><line number="441" hits="11"/><line number="442" hits="14"/><line number="443" hits="3"/><line number="444" hits="1"/><line number="450" hits="4"/></lines></class><class name="mod" filename="src/cert/mod.rs" line-rate="1" branch-rate="0" complexity="0"><methods/><lines><line number="26" hits="18"/><line number="53" hits="3"/><line number="54" hits="4"/><line number="80" hits="6"/><line number="83" hits="5"/><line number="84" hits="3"/><line number="88" hits="1"/><line number="89" hits="2"/><line number="90" hits="3"/><line number="95" hits="11"/><line number="96" hits="6"/></lines></class></classes></package><package name="tests" line-rate="0" branch-rate="0" complexity="0"><classes></classes></package><package name="src/csr" line-rate="1" branch-rate="0" complexity="0"><classes><class name="builder" filename="src/csr/builder.rs" line-rate="1" branch-rate="0" complexity="0"><methods/><lines><line number="76" hits="62"/><line number="80" hits="62"/><line number="83" hits="63"/><line number="107" hits="62"/><line number="108" hits="124"/><line number="109" hits="61"/><line number="137" hits="3"/><line number="138" hits="6"/><line number="139" hits="6"/><line number="140" hits="4"/><line number="141" hits="2"/><line number="163" hits="18"/><line number="164" hits="19"/><line number="165" hits="31"/><line number="187" hits="7"/><line number="188" hits="15"/><line number="189" hits="7"/><line number="212" hits="15"/><line number="213" hits="15"/><line number="214" hits="15"/><line number="225" hits="2"/><line number="226" hits="2"/><line number="227" hits="2"/><line number="249" hits="3"/><line number="250" hits="6"/><line number="251" hits="3"/><line number="281" hits="36"/><line number="283" hits="78"/><line number="284" hits="2"/><line number="288" hits="99"/><line number="289" hits="2"/><line number="291" hits="94"/><line number="292" hits="45"/><line number="296" hits="55"/><line number="299" hits="98"/><line number="302" hits="91"/><line number="303" hits="84"/><line number="307" hits="89"/><line number="308" hits="11"/><line number="316" hits="85"/><line number="317" hits="12"/><line number="318" hits="9"/><line number="319" hits="3"/><line number="323" hits="74"/><line number="324" hits="41"/><line number="326" hits="64"/><line number="330" hits="56"/><line number="331" hits="35"/><line number="335" hits="100"/><line number="336" hits="60"/><line number="337" hits="106"/><line number="338" hits="46"/><line number="339" hits="60"/><line number="340" hits="46"/><line number="343" hits="169"/><line number="344" hits="130"/><line number="345" hits="60"/><line number="346" hits="128"/><line number="347" hits="7"/><line number="348" hits="2"/><line number="354" hits="42"/><line number="358" hits="18"/><line number="359" hits="31"/><line number="361" hits="57"/><line number="362" hits="7"/><line number="364" hits="54"/><line number="365" hits="1"/><line number="367" hits="59"/><line number="368" hits="7"/><line number="370" hits="51"/><line number="371" hits="1"/><line number="373" hits="57"/><line number="374" hits="2"/><line number="376" hits="57"/><line number="377" hits="25"/><line number="379" hits="52"/><line number="380" hits="28"/><line number="382" hits="53"/><line number="383" hits="1"/><line number="385" hits="55"/><line number="386" hits="1"/><line number="389" hits="31"/><line number="393" hits="4"/><line number="394" hits="15"/><line number="395" hits="10"/><line number="396" hits="7"/><line number="397" hits="7"/><line number="398" hits="4"/><line number="399" hits="4"/><line number="400" hits="2"/><line number="401" hits="4"/><line number="402" hits="2"/><line number="403" hits="4"/><line number="404" hits="2"/><line number="406" hits="2"/><line number="408" hits="12"/><line number="413" hits="1"/><line number="414" hits="1"/></lines></class><class name="mod" filename="src/csr/mod.rs" line-rate="1" branch-rate="0" complexity="0"><methods/><lines><line number="33" hits="28"/><line number="54" hits="35"/><line number="55" hits="29"/><line number="75" hits="22"/><line number="78" hits="22"/><line number="79" hits="22"/><line number="87" hits="2"/><line number="88" hits="2"/><line number="97" hits="2"/><line number="98" hits="2"/><line number="107" hits="38"/><line number="108" hits="44"/></lines></class></classes></package></packages></coverage>